c:\users\admin\desktop\zkh\gir489-darkstorm-2015-base-38d58d20a726\debug\vc141.pdb
c:\users\admin\desktop\zkh\gir489-darkstorm-2015-base-38d58d20a726\debug\vc141.idb
c:\users\admin\desktop\zkh\gir489-darkstorm-2015-base-38d58d20a726\debug\vmthooks.obj
c:\users\admin\desktop\zkh\gir489-darkstorm-2015-base-38d58d20a726\debug\csignature.obj
c:\users\admin\desktop\zkh\gir489-darkstorm-2015-base-38d58d20a726\debug\panels.obj
c:\users\admin\desktop\zkh\gir489-darkstorm-2015-base-38d58d20a726\debug\netvars.obj
c:\users\admin\desktop\zkh\gir489-darkstorm-2015-base-38d58d20a726\debug\log.obj
c:\users\admin\desktop\zkh\gir489-darkstorm-2015-base-38d58d20a726\debug\dllmain.obj
c:\users\admin\desktop\zkh\gir489-darkstorm-2015-base-38d58d20a726\debug\client.obj
c:\users\admin\desktop\zkh\gir489-darkstorm-2015-base-38d58d20a726\debug\cdrawmanager.obj
c:\users\admin\desktop\zkh\gir489-darkstorm-2015-base-38d58d20a726\debug\darkstorm base.dll
c:\users\admin\desktop\zkh\gir489-darkstorm-2015-base-38d58d20a726\debug\darkstorm base.pdb
c:\users\admin\desktop\zkh\gir489-darkstorm-2015-base-38d58d20a726\debug\darkstorm base.res
c:\users\admin\desktop\zkh\gir489-darkstorm-2015-base-38d58d20a726\debug\darkstorm base.tlog\cl.command.1.tlog
c:\users\admin\desktop\zkh\gir489-darkstorm-2015-base-38d58d20a726\debug\darkstorm base.tlog\cl.read.1.tlog
c:\users\admin\desktop\zkh\gir489-darkstorm-2015-base-38d58d20a726\debug\darkstorm base.tlog\cl.write.1.tlog
c:\users\admin\desktop\zkh\gir489-darkstorm-2015-base-38d58d20a726\debug\darkstorm base.tlog\link.command.1.tlog
c:\users\admin\desktop\zkh\gir489-darkstorm-2015-base-38d58d20a726\debug\darkstorm base.tlog\link.read.1.tlog
c:\users\admin\desktop\zkh\gir489-darkstorm-2015-base-38d58d20a726\debug\darkstorm base.tlog\link.write.1.tlog
c:\users\admin\desktop\zkh\gir489-darkstorm-2015-base-38d58d20a726\debug\darkstorm base.tlog\rc.command.1.tlog
c:\users\admin\desktop\zkh\gir489-darkstorm-2015-base-38d58d20a726\debug\darkstorm base.tlog\rc.read.1.tlog
c:\users\admin\desktop\zkh\gir489-darkstorm-2015-base-38d58d20a726\debug\darkstorm base.tlog\rc.write.1.tlog
